# JRE version: Java(TM) SE Runtime Environment (8.0_341-b10) (build 1.8.0_341-b10)
# Java VM: Java HotSpot(TM) 64-Bit Server VM (25.341-b10 mixed mode windows-amd64 compressed oops)
Heap:
 PSYoungGen      total 159232K, used 122006K [0x00000000eab00000, 0x00000000f5b80000, 0x0000000100000000)
  eden space 145920K, 74% used [0x00000000eab00000,0x00000000f152ce90,0x00000000f3980000)
  from space 13312K, 99% used [0x00000000f4180000,0x00000000f4e78a50,0x00000000f4e80000)
  to   space 12288K, 0% used [0x00000000f4f80000,0x00000000f4f80000,0x00000000f5b80000)
 ParOldGen       total 246784K, used 19374K [0x00000000c0000000, 0x00000000cf100000, 0x00000000eab00000)
  object space 246784K, 7% used [0x00000000c0000000,0x00000000c12eb898,0x00000000cf100000)
 Metaspace       used 85330K, capacity 90216K, committed 90520K, reserved 1130496K
  class space    used 11486K, capacity 11909K, committed 11952K, reserved 1048576K
GC Heap History (10 events):
Event: 11.756 GC heap before
{Heap before GC invocations=10 (full 2):
 PSYoungGen      total 97792K, used 95778K [0x00000000eab00000, 0x00000000f3480000, 0x0000000100000000)
  eden space 88064K, 100% used [0x00000000eab00000,0x00000000f0100000,0x00000000f0100000)
  from space 9728K, 79% used [0x00000000f0100000,0x00000000f0888a70,0x00000000f0a80000)
  to   space 9728K, 0% used [0x00000000f2b00000,0x00000000f2b00000,0x00000000f3480000)
 ParOldGen       total 176640K, used 11776K [0x00000000c0000000, 0x00000000cac80000, 0x00000000eab00000)
  object space 176640K, 6% used [0x00000000c0000000,0x00000000c0b800e8,0x00000000cac80000)
 Metaspace       used 51620K, capacity 54484K, committed 54696K, reserved 1097728K
  class space    used 6778K, capacity 7071K, committed 7088K, reserved 1048576K
Event: 11.768 GC heap after
Heap after GC invocations=10 (full 2):
 PSYoungGen      total 129536K, used 9702K [0x00000000eab00000, 0x00000000f3d00000, 0x0000000100000000)
  eden space 119808K, 0% used [0x00000000eab00000,0x00000000eab00000,0x00000000f2000000)
  from space 9728K, 99% used [0x00000000f2b00000,0x00000000f3479880,0x00000000f3480000)
  to   space 11264K, 0% used [0x00000000f2000000,0x00000000f2000000,0x00000000f2b00000)
 ParOldGen       total 176640K, used 13598K [0x00000000c0000000, 0x00000000cac80000, 0x00000000eab00000)
  object space 176640K, 7% used [0x00000000c0000000,0x00000000c0d47a50,0x00000000cac80000)
 Metaspace       used 51620K, capacity 54484K, committed 54696K, reserved 1097728K
  class space    used 6778K, capacity 7071K, committed 7088K, reserved 1048576K
}
Event: 12.369 GC heap before
{Heap before GC invocations=11 (full 2):
 PSYoungGen      total 129536K, used 60322K [0x00000000eab00000, 0x00000000f3d00000, 0x0000000100000000)
  eden space 119808K, 42% used [0x00000000eab00000,0x00000000edc6f100,0x00000000f2000000)
  from space 9728K, 99% used [0x00000000f2b00000,0x00000000f3479880,0x00000000f3480000)
  to   space 11264K, 0% used [0x00000000f2000000,0x00000000f2000000,0x00000000f2b00000)
 ParOldGen       total 176640K, used 13598K [0x00000000c0000000, 0x00000000cac80000, 0x00000000eab00000)
  object space 176640K, 7% used [0x00000000c0000000,0x00000000c0d47a50,0x00000000cac80000)
 Metaspace       used 55683K, capacity 59022K, committed 59160K, reserved 1101824K
  class space    used 7330K, capacity 7676K, committed 7728K, reserved 1048576K
Event: 12.377 GC heap after
Heap after GC invocations=11 (full 2):
 PSYoungGen      total 131072K, used 11057K [0x00000000eab00000, 0x00000000f5b80000, 0x0000000100000000)
  eden space 119808K, 0% used [0x00000000eab00000,0x00000000eab00000,0x00000000f2000000)
  from space 11264K, 98% used [0x00000000f2000000,0x00000000f2acc458,0x00000000f2b00000)
  to   space 12288K, 0% used [0x00000000f4f80000,0x00000000f4f80000,0x00000000f5b80000)
 ParOldGen       total 176640K, used 13606K [0x00000000c0000000, 0x00000000cac80000, 0x00000000eab00000)
  object space 176640K, 7% used [0x00000000c0000000,0x00000000c0d49a50,0x00000000cac80000)
 Metaspace       used 55683K, capacity 59022K, committed 59160K, reserved 1101824K
  class space    used 7330K, capacity 7676K, committed 7728K, reserved 1048576K
}
Event: 12.377 GC heap before
{Heap before GC invocations=12 (full 3):
 PSYoungGen      total 131072K, used 11057K [0x00000000eab00000, 0x00000000f5b80000, 0x0000000100000000)
  eden space 119808K, 0% used [0x00000000eab00000,0x00000000eab00000,0x00000000f2000000)
  from space 11264K, 98% used [0x00000000f2000000,0x00000000f2acc458,0x00000000f2b00000)
  to   space 12288K, 0% used [0x00000000f4f80000,0x00000000f4f80000,0x00000000f5b80000)
 ParOldGen       total 176640K, used 13606K [0x00000000c0000000, 0x00000000cac80000, 0x00000000eab00000)
  object space 176640K, 7% used [0x00000000c0000000,0x00000000c0d49a50,0x00000000cac80000)
 Metaspace       used 55683K, capacity 59022K, committed 59160K, reserved 1101824K
  class space    used 7330K, capacity 7676K, committed 7728K, reserved 1048576K
Event: 12.524 GC heap after
Heap after GC invocations=12 (full 3):
 PSYoungGen      total 131072K, used 0K [0x00000000eab00000, 0x00000000f5b80000, 0x0000000100000000)
  eden space 119808K, 0% used [0x00000000eab00000,0x00000000eab00000,0x00000000f2000000)
  from space 11264K, 0% used [0x00000000f2000000,0x00000000f2000000,0x00000000f2b00000)
  to   space 12288K, 0% used [0x00000000f4f80000,0x00000000f4f80000,0x00000000f5b80000)
 ParOldGen       total 246784K, used 17695K [0x00000000c0000000, 0x00000000cf100000, 0x00000000eab00000)
  object space 246784K, 7% used [0x00000000c0000000,0x00000000c1147d48,0x00000000cf100000)
 Metaspace       used 55680K, capacity 59016K, committed 59160K, reserved 1101824K
  class space    used 7329K, capacity 7675K, committed 7728K, reserved 1048576K
}
Event: 13.710 GC heap before
{Heap before GC invocations=13 (full 3):
 PSYoungGen      total 131072K, used 119808K [0x00000000eab00000, 0x00000000f5b80000, 0x0000000100000000)
  eden space 119808K, 100% used [0x00000000eab00000,0x00000000f2000000,0x00000000f2000000)
  from space 11264K, 0% used [0x00000000f2000000,0x00000000f2000000,0x00000000f2b00000)
  to   space 12288K, 0% used [0x00000000f4f80000,0x00000000f4f80000,0x00000000f5b80000)
 ParOldGen       total 246784K, used 17695K [0x00000000c0000000, 0x00000000cf100000, 0x00000000eab00000)
  object space 246784K, 7% used [0x00000000c0000000,0x00000000c1147d48,0x00000000cf100000)
 Metaspace       used 64716K, capacity 68296K, committed 68376K, reserved 1107968K
  class space    used 8573K, capacity 8948K, committed 9008K, reserved 1048576K
Event: 13.721 GC heap after
Heap after GC invocations=13 (full 3):
 PSYoungGen      total 158208K, used 12016K [0x00000000eab00000, 0x00000000f5b80000, 0x0000000100000000)
  eden space 145920K, 0% used [0x00000000eab00000,0x00000000eab00000,0x00000000f3980000)
  from space 12288K, 97% used [0x00000000f4f80000,0x00000000f5b3c2c8,0x00000000f5b80000)
  to   space 13312K, 0% used [0x00000000f4180000,0x00000000f4180000,0x00000000f4e80000)
 ParOldGen       total 246784K, used 17703K [0x00000000c0000000, 0x00000000cf100000, 0x00000000eab00000)
  object space 246784K, 7% used [0x00000000c0000000,0x00000000c1149d48,0x00000000cf100000)
 Metaspace       used 64716K, capacity 68296K, committed 68376K, reserved 1107968K
  class space    used 8573K, capacity 8948K, committed 9008K, reserved 1048576K
}
Event: 15.141 GC heap before
{Heap before GC invocations=14 (full 3):
 PSYoungGen      total 158208K, used 157936K [0x00000000eab00000, 0x00000000f5b80000, 0x0000000100000000)
  eden space 145920K, 100% used [0x00000000eab00000,0x00000000f3980000,0x00000000f3980000)
  from space 12288K, 97% used [0x00000000f4f80000,0x00000000f5b3c2c8,0x00000000f5b80000)
  to   space 13312K, 0% used [0x00000000f4180000,0x00000000f4180000,0x00000000f4e80000)
 ParOldGen       total 246784K, used 17703K [0x00000000c0000000, 0x00000000cf100000, 0x00000000eab00000)
  object space 246784K, 7% used [0x00000000c0000000,0x00000000c1149d48,0x00000000cf100000)
 Metaspace       used 76859K, capacity 81084K, committed 81304K, reserved 1120256K
  class space    used 10219K, capacity 10624K, committed 10672K, reserved 1048576K
Event: 15.154 GC heap after
Heap after GC invocations=14 (full 3):
 PSYoungGen      total 159232K, used 13282K [0x00000000eab00000, 0x00000000f5b80000, 0x0000000100000000)
  eden space 145920K, 0% used [0x00000000eab00000,0x00000000eab00000,0x00000000f3980000)
  from space 13312K, 99% used [0x00000000f4180000,0x00000000f4e78a50,0x00000000f4e80000)
  to   space 12288K, 0% used [0x00000000f4f80000,0x00000000f4f80000,0x00000000f5b80000)
 ParOldGen       total 246784K, used 19374K [0x00000000c0000000, 0x00000000cf100000, 0x00000000eab00000)
  object space 246784K, 7% used [0x00000000c0000000,0x00000000c12eb898,0x00000000cf100000)
 Metaspace       used 76859K, capacity 81084K, committed 81304K, reserved 1120256K
  class space    used 10219K, capacity 10624K, committed 10672K, reserved 1048576K
}

